<?xml version="1.0" encoding="UTF-8"?>
<!-- Generated by org.testng.reporters.JUnitXMLReporter -->
<testsuite ignored="0" hostname="DESKTOP-T4DL6DB" failures="0" tests="1" name="Test" time="6.627" errors="0" timestamp="2022-04-22T13:15:58 IST">
  <testcase classname="test.HomePageTest" name="@BeforeMethod init" time="6.562">
    <failure type="java.lang.NullPointerException" message="Cannot read field &amp;quot;loginPage&amp;quot; because &amp;quot;this.login&amp;quot; is null">
      <![CDATA[java.lang.NullPointerException: Cannot read field "loginPage" because "this.login" is null
at test.HomePageTest.init(HomePageTest.java:22)
at java.base/java.util.ArrayList.forEach(ArrayList.java:1511)
... Removed 31 stack frames]]>
    </failure>
  </testcase> <!-- @BeforeMethod init -->
  <testcase classname="test.HomePageTest" name="validateNewBoard" time="0.0">
    <skipped/>
  </testcase> <!-- validateNewBoard -->
</testsuite> <!-- Test -->
